{
  "stats": {
    "suites": 1,
    "tests": 1,
    "passes": 1,
    "pending": 0,
    "failures": 0,
    "start": "2025-09-25T06:29:41.981Z",
    "end": "2025-09-25T06:29:45.990Z",
    "duration": 4009,
    "testsRegistered": 1,
    "passPercent": 100,
    "pendingPercent": 0,
    "other": 0,
    "hasOther": false,
    "skipped": 0,
    "hasSkipped": false
  },
  "results": [
    {
      "uuid": "d58a1c0a-b534-4ae0-8252-88d91696a76c",
      "title": "",
      "fullFile": "cypress\\e2e\\dealing-with-xpath.cy.js",
      "file": "cypress\\e2e\\dealing-with-xpath.cy.js",
      "beforeHooks": [],
      "afterHooks": [],
      "tests": [],
      "suites": [
        {
          "uuid": "ec7a2fea-9fde-4983-b2ea-061a55ce0ef7",
          "title": "XPath példa",
          "fullFile": "",
          "file": "",
          "beforeHooks": [],
          "afterHooks": [],
          "tests": [
            {
              "title": "keres XPath segítségével",
              "fullTitle": "XPath példa keres XPath segítségével",
              "timedOut": null,
              "duration": 2916,
              "state": "passed",
              "speed": "fast",
              "pass": true,
              "fail": false,
              "pending": false,
              "context": null,
              "code": "cy.visit(\"https://ultimateqa.com/filling-out-forms/\");\ncy.xpath('//input[@id=\"et_pb_contact_name_0\"]').type(\"Teszt Elek\");\ncy.xpath('//textarea[@id=\"et_pb_contact_message_0\"]').type(\"Ez egy teszt \\xFCzenet.\");\ncy.xpath('//button[@name=\"et_builder_submit_button\"]').first().click();\ncy.contains(\"Thanks for contacting us\").should(\"be.visible\");",
              "err": {},
              "uuid": "32b6a99f-5bd2-4130-8610-67eea68bfd48",
              "parentUUID": "ec7a2fea-9fde-4983-b2ea-061a55ce0ef7",
              "isHook": false,
              "skipped": false
            }
          ],
          "suites": [],
          "passes": [
            "32b6a99f-5bd2-4130-8610-67eea68bfd48"
          ],
          "failures": [],
          "pending": [],
          "skipped": [],
          "duration": 2916,
          "root": false,
          "rootEmpty": false,
          "_timeout": 2000
        }
      ],
      "passes": [],
      "failures": [],
      "pending": [],
      "skipped": [],
      "duration": 0,
      "root": true,
      "rootEmpty": true,
      "_timeout": 2000
    }
  ],
  "meta": {
    "mocha": {
      "version": "7.2.0"
    },
    "mochawesome": {
      "options": {
        "quiet": false,
        "reportFilename": "mochawesome",
        "saveHtml": false,
        "saveJson": true,
        "consoleReporter": "spec",
        "useInlineDiffs": false,
        "code": true
      },
      "version": "7.1.4"
    },
    "marge": {
      "options": {
        "reportDir": "cypress\\reports\\html\\.jsons",
        "charts": true,
        "embeddedScreenshots": true,
        "inlineAssets": true,
        "overwrite": false,
        "html": false,
        "json": true
      },
      "version": "6.3.0"
    }
  }
}